<?xml version="1.0" encoding="UTF-8"?>
<testng-results ignored="0" total="2" passed="2" failed="0" skipped="0">
  <reporter-output>
  </reporter-output>
  <suite started-at="2021-09-23T21:05:53 IST" name="All Test Suite" finished-at="2021-09-23T21:06:03 IST" duration-ms="10165">
    <groups>
    </groups>
    <test started-at="2021-09-23T21:05:53 IST" name="C:/Users/Pritam Paul/Downloads/demo1/TestNGOps/testng1.xml" finished-at="2021-09-23T21:06:03 IST" duration-ms="10165">
      <class name="org.example.TheDataProvider1">
        <test-method signature="testData(java.lang.String, java.lang.String)[pri:0, instance:org.example.TheDataProvider1@6ae5aa72]" started-at="2021-09-23T21:05:53 IST" name="testData" data-provider="login" finished-at="2021-09-23T21:05:59 IST" duration-ms="5566" status="PASS">
          <params>
            <param index="0">
              <value>
                <![CDATA[standard_user]]>
              </value>
            </param>
            <param index="1">
              <value>
                <![CDATA[secret_sauce]]>
              </value>
            </param>
          </params>
          <reporter-output>
          </reporter-output>
        </test-method> <!-- testData -->
        <test-method signature="testData(java.lang.String, java.lang.String)[pri:0, instance:org.example.TheDataProvider1@6ae5aa72]" started-at="2021-09-23T21:05:59 IST" name="testData" data-provider="login" finished-at="2021-09-23T21:06:03 IST" duration-ms="4523" status="PASS">
          <params>
            <param index="0">
              <value>
                <![CDATA[problem_user]]>
              </value>
            </param>
            <param index="1">
              <value>
                <![CDATA[secret_sauce]]>
              </value>
            </param>
          </params>
          <reporter-output>
          </reporter-output>
        </test-method> <!-- testData -->
      </class> <!-- org.example.TheDataProvider1 -->
    </test> <!-- C:/Users/Pritam Paul/Downloads/demo1/TestNGOps/testng1.xml -->
  </suite> <!-- All Test Suite -->
</testng-results>
